<?xml version="1.0" encoding="UTF-8"?>
<testng-results skipped="0" failed="0" ignored="0" total="1" passed="1">
  <reporter-output>
  </reporter-output>
  <suite name="Default suite" duration-ms="6705" started-at="2019-03-07T13:26:40Z" finished-at="2019-03-07T13:26:47Z">
    <groups>
    </groups>
    <test name="Default test" duration-ms="6705" started-at="2019-03-07T13:26:40Z" finished-at="2019-03-07T13:26:47Z">
      <class name="myProject.HrisVerifyWeeklyTimeTestThroughList">
        <test-method status="PASS" signature="TestList()[pri:0, instance:myProject.HrisVerifyWeeklyTimeTestThroughList@4501b7af]" name="TestList" duration-ms="6687" started-at="2019-03-07T13:26:40Z" finished-at="2019-03-07T13:26:47Z">
          <reporter-output>
          </reporter-output>
        </test-method> <!-- TestList -->
      </class> <!-- myProject.HrisVerifyWeeklyTimeTestThroughList -->
    </test> <!-- Default test -->
  </suite> <!-- Default suite -->
</testng-results>
